2024-03-27 16:02:13,870 [INFO] Activator:176 - 


2024-03-27 16:02:13,871 [INFO] Activator:177 - !SESSION log4j initialized
2024-03-27 16:02:16,423 [INFO] LogOutputStream:77 - [STDOUT_REDIRECT] 
2024-03-27 16:02:19,677 [INFO] ApplicationProperties:184 - Using Application install path: F:\CubeIDE1.14.1\STM32CubeIDE_1.14.1\STM32CubeIDE\plugins\com.st.stm32cube.common.mx_6.10.0.202311202037
2024-03-27 16:02:19,688 [INFO] DbMcusXml:78 - Set database path to: F:\CubeIDE1.14.1\STM32CubeIDE_1.14.1\STM32CubeIDE\plugins\com.st.stm32cube.common.mx_6.10.0.202311202037\\db\/mcu/
2024-03-27 16:02:19,688 [INFO] ApiDb:274 - Set plugin database path to: F:\CubeIDE1.14.1\STM32CubeIDE_1.14.1\STM32CubeIDE\plugins\com.st.stm32cube.common.mx_6.10.0.202311202037\\db\/plugins/boardmanager/
2024-03-27 16:02:19,689 [WARN] ApiDb:259 - Overriding images path with different value:  => F:\CubeIDE1.14.1\STM32CubeIDE_1.14.1\STM32CubeIDE\plugins\com.st.stm32cube.common.mx_6.10.0.202311202037\\db\/plugins/mcufinder/images/
2024-03-27 16:02:19,693 [INFO] ApiDb:250 - Set database path to: C:\Users\adsa\.stmcufinder\plugins\mcufinder//mcu/
2024-03-27 16:02:19,694 [INFO] DbMcusAds:125 - Set database path to: C:\Users\adsa\.stmcufinder\plugins\mcufinder//mcu/
2024-03-27 16:02:19,695 [INFO] CrossReferenceDbSqlite:203 - Set database path to: C:\Users\adsa\.stmcufinder\plugins\mcufinder//mcu/cs/
2024-03-27 16:02:19,774 [INFO] RulesReader:64 - Compatibility file has been processed (297 Rules)
2024-03-27 16:02:19,843 [INFO] DbMcusXml:78 - Set database path to: F:\CubeIDE1.14.1\STM32CubeIDE_1.14.1\STM32CubeIDE\plugins\com.st.stm32cube.common.mx_6.10.0.202311202037\\db\/mcu/
2024-03-27 16:02:19,843 [INFO] ApiDb:274 - Set plugin database path to: F:\CubeIDE1.14.1\STM32CubeIDE_1.14.1\STM32CubeIDE\plugins\com.st.stm32cube.common.mx_6.10.0.202311202037\\db\/plugins/boardmanager/
2024-03-27 16:02:19,843 [INFO] ApiDb:261 - Set plugin images path to: F:\CubeIDE1.14.1\STM32CubeIDE_1.14.1\STM32CubeIDE\plugins\com.st.stm32cube.common.mx_6.10.0.202311202037\\db\/plugins/mcufinder/images/
2024-03-27 16:02:19,843 [WARN] DbFile:41 - Overriding database path with different value: C:\Users\adsa\.stmcufinder\plugins\mcufinder/ => C:\Users\adsa\.stmcufinder\plugins\mcufinder
2024-03-27 16:02:19,843 [INFO] ApiDb:250 - Set database path to: C:\Users\adsa\.stmcufinder\plugins\mcufinder//mcu/
2024-03-27 16:02:19,843 [WARN] DbFile:41 - Overriding database path with different value: C:\Users\adsa\.stmcufinder\plugins\mcufinder/ => C:\Users\adsa\.stmcufinder\plugins\mcufinder
2024-03-27 16:02:19,844 [INFO] DbMcusAds:125 - Set database path to: C:\Users\adsa\.stmcufinder\plugins\mcufinder//mcu/
2024-03-27 16:02:19,844 [WARN] DbFile:41 - Overriding database path with different value: C:\Users\adsa\.stmcufinder\plugins\mcufinder/ => C:\Users\adsa\.stmcufinder\plugins\mcufinder
2024-03-27 16:02:19,844 [WARN] DbFile:41 - Overriding database path with different value: C:\Users\adsa\.stmcufinder\plugins\mcufinder/ => C:\Users\adsa\.stmcufinder\plugins\mcufinder
2024-03-27 16:02:19,844 [INFO] CrossReferenceDbSqlite:203 - Set database path to: C:\Users\adsa\.stmcufinder\plugins\mcufinder//mcu/cs/
2024-03-27 16:02:19,897 [INFO] MainPanel:264 - HeapMemory: 268435456
2024-03-27 16:02:19,943 [INFO] DbMcusXml:78 - Set database path to: F:\CubeIDE1.14.1\STM32CubeIDE_1.14.1\STM32CubeIDE\plugins\com.st.stm32cube.common.mx_6.10.0.202311202037\\db\/mcu/
2024-03-27 16:02:19,943 [INFO] ApiDb:274 - Set plugin database path to: F:\CubeIDE1.14.1\STM32CubeIDE_1.14.1\STM32CubeIDE\plugins\com.st.stm32cube.common.mx_6.10.0.202311202037\\db\/plugins/boardmanager/
2024-03-27 16:02:19,943 [INFO] ApiDb:261 - Set plugin images path to: F:\CubeIDE1.14.1\STM32CubeIDE_1.14.1\STM32CubeIDE\plugins\com.st.stm32cube.common.mx_6.10.0.202311202037\\db\/plugins/mcufinder/images/
2024-03-27 16:02:19,943 [WARN] DbFile:41 - Overriding database path with different value: C:\Users\adsa\.stmcufinder\plugins\mcufinder/ => C:\Users\adsa\.stmcufinder\plugins\mcufinder
2024-03-27 16:02:19,944 [INFO] ApiDb:250 - Set database path to: C:\Users\adsa\.stmcufinder\plugins\mcufinder//mcu/
2024-03-27 16:02:19,944 [WARN] DbFile:41 - Overriding database path with different value: C:\Users\adsa\.stmcufinder\plugins\mcufinder/ => C:\Users\adsa\.stmcufinder\plugins\mcufinder
2024-03-27 16:02:19,944 [INFO] DbMcusAds:125 - Set database path to: C:\Users\adsa\.stmcufinder\plugins\mcufinder//mcu/
2024-03-27 16:02:19,944 [WARN] DbFile:41 - Overriding database path with different value: C:\Users\adsa\.stmcufinder\plugins\mcufinder/ => C:\Users\adsa\.stmcufinder\plugins\mcufinder
2024-03-27 16:02:19,944 [WARN] DbFile:41 - Overriding database path with different value: C:\Users\adsa\.stmcufinder\plugins\mcufinder/ => C:\Users\adsa\.stmcufinder\plugins\mcufinder
2024-03-27 16:02:19,944 [INFO] CrossReferenceDbSqlite:203 - Set database path to: C:\Users\adsa\.stmcufinder\plugins\mcufinder//mcu/cs/
2024-03-27 16:02:19,957 [INFO] ApplicationProperties:184 - Using Application install path: F:\CubeIDE1.14.1\STM32CubeIDE_1.14.1\STM32CubeIDE\plugins\com.st.stm32cube.common.mx_6.10.0.202311202037
2024-03-27 16:02:19,958 [INFO] PluginManage:196 - Search for loadable plugins [exclusion list=, ]
2024-03-27 16:02:19,959 [INFO] PluginManage:310 - Check plugin analytics
2024-03-27 16:02:20,105 [INFO] AnalyticsPlugin:253 - Accepted Software Licenses: STM32CubeMX.6.8.1,STM32CubeMX.6.10.0
2024-03-27 16:02:20,105 [INFO] AnalyticsPlugin:255 - Accepted CMSIS Pack Licenses: 
2024-03-27 16:02:20,106 [INFO] AnalyticsPlugin:257 - Accepted Firmware Licenses: FW.H7.1.11.0,FW.H5.1.0.0,FW.F4.1.27.0,FW.F4.1.28.0,FW.H5.1.1.0
2024-03-27 16:02:20,109 [INFO] PluginManage:359 - Loaded plugin analytics (category:tool,tabindex:-1)
2024-03-27 16:02:20,109 [INFO] PluginManage:310 - Check plugin cadmodel
2024-03-27 16:02:20,114 [INFO] CADModel:105 - Init CAD model plugin
2024-03-27 16:02:20,114 [INFO] PluginManage:359 - Loaded plugin cadmodel (category:power,tabindex:5)
2024-03-27 16:02:20,114 [INFO] PluginManage:310 - Check plugin clock
2024-03-27 16:02:20,124 [INFO] PluginManage:359 - Loaded plugin clock (category:base,tabindex:2)
2024-03-27 16:02:20,124 [INFO] PluginManage:310 - Check plugin ddr
2024-03-27 16:02:20,126 [INFO] PluginManage:359 - Loaded plugin ddr (category:tool,tabindex:6)
2024-03-27 16:02:20,127 [INFO] PluginManage:310 - Check plugin filemanager
2024-03-27 16:02:20,263 [INFO] PluginManage:359 - Loaded plugin filemanager (category:base,tabindex:10)
2024-03-27 16:02:20,263 [INFO] PluginManage:310 - Check plugin ipmanager
2024-03-27 16:02:20,270 [INFO] PluginManage:359 - Loaded plugin ipmanager (category:base,tabindex:5)
2024-03-27 16:02:20,270 [INFO] PluginManage:310 - Check plugin lpbam
2024-03-27 16:02:20,277 [INFO] PluginManage:359 - Loaded plugin lpbam (category:base,tabindex:0)
2024-03-27 16:02:20,277 [INFO] PluginManage:310 - Check plugin memorymap
2024-03-27 16:02:20,286 [INFO] PluginManage:359 - Loaded plugin memorymap (category:base,tabindex:4)
2024-03-27 16:02:20,286 [INFO] PluginManage:310 - Check plugin pinoutandconfiguration
2024-03-27 16:02:20,291 [INFO] PluginManage:359 - Loaded plugin pinoutandconfiguration (category:base,tabindex:1)
2024-03-27 16:02:20,291 [INFO] PluginManage:310 - Check plugin pinoutconfig
2024-03-27 16:02:20,373 [WARN] SupportedApi:132 - Cannot load RTOS API schema: s4s-elt-must-match.1: The content of 'definitions' must match (annotation?, (simpleType | complexType)?, (unique | key | keyref)*)). A problem was found starting at: attribute.
2024-03-27 16:02:20,462 [INFO] PluginManage:359 - Loaded plugin pinoutconfig (category:base,tabindex:0)
2024-03-27 16:02:20,462 [INFO] PluginManage:310 - Check plugin power
2024-03-27 16:02:20,468 [INFO] PluginManage:359 - Loaded plugin power (category:power,tabindex:4)
2024-03-27 16:02:20,468 [INFO] PluginManage:310 - Check plugin projectmanager
2024-03-27 16:02:20,484 [INFO] PluginManage:359 - Loaded plugin projectmanager (category:projectmanager,tabindex:3)
2024-03-27 16:02:20,484 [INFO] PluginManage:310 - Check plugin thirdparty
2024-03-27 16:02:20,587 [INFO] PluginManage:359 - Loaded plugin thirdparty (category:base,tabindex:-1)
2024-03-27 16:02:20,587 [WARN] IntegrityCheckThread:84 - waiting for thirdparty lock release [integrity check]
2024-03-27 16:02:20,587 [INFO] PluginManage:310 - Check plugin tools
2024-03-27 16:02:20,587 [INFO] IntegrityCheckThread:86 - entering critical section [integrity check]
2024-03-27 16:02:20,588 [INFO] ThirdPartyUpdaterWithRetryManager:70 - Updater plugin not ready yet. [1/15]
2024-03-27 16:02:20,590 [INFO] PluginManage:359 - Loaded plugin tools (category:base,tabindex:7)
2024-03-27 16:02:20,590 [INFO] PluginManage:310 - Check plugin tutovideos
2024-03-27 16:02:20,707 [INFO] PluginManage:359 - Loaded plugin tutovideos (category:base,tabindex:-1)
2024-03-27 16:02:20,707 [INFO] PluginManage:310 - Check plugin updater
2024-03-27 16:02:20,717 [INFO] PluginManage:359 - Loaded plugin updater (category:base,tabindex:12)
2024-03-27 16:02:20,717 [INFO] PluginManage:310 - Check plugin userauth
2024-03-27 16:02:20,721 [INFO] UserAuth:114 - Init User Auth plugin
2024-03-27 16:02:20,721 [INFO] PluginManage:359 - Loaded plugin userauth (category:base,tabindex:14)
2024-03-27 16:02:20,722 [INFO] PluginManage:283 - PluginManage : Loaded plugins [17]
2024-03-27 16:02:20,882 [INFO] PinOutPanel:1499 - setPackage(No Configuration,No Configuration)
2024-03-27 16:02:20,941 [INFO] CADModel:165 - CPN selected for project level
2024-03-27 16:02:20,941 [INFO] CADModel:114 - Register for checkConnection events
2024-03-27 16:02:20,952 [INFO] IPUIPlugin:80 - create IPUIPlugin
2024-03-27 16:02:20,952 [INFO] PluginManager:220 - loadIPPluginJar : add adc
2024-03-27 16:02:20,953 [INFO] IPUIPlugin:80 - create IPUIPlugin
2024-03-27 16:02:20,953 [INFO] PluginManager:220 - loadIPPluginJar : add aes
2024-03-27 16:02:20,955 [INFO] IPUIPlugin:80 - create IPUIPlugin
2024-03-27 16:02:20,955 [INFO] PluginManager:220 - loadIPPluginJar : add can
2024-03-27 16:02:20,956 [INFO] IPUIPlugin:80 - create IPUIPlugin
2024-03-27 16:02:20,956 [INFO] PluginManager:220 - loadIPPluginJar : add comp
2024-03-27 16:02:20,958 [INFO] IPUIPlugin:80 - create IPUIPlugin
2024-03-27 16:02:20,958 [INFO] PluginManager:220 - loadIPPluginJar : add cryp
2024-03-27 16:02:20,959 [INFO] IPUIPlugin:80 - create IPUIPlugin
2024-03-27 16:02:20,959 [INFO] PluginManager:220 - loadIPPluginJar : add dfsdm
2024-03-27 16:02:20,963 [INFO] IPUIPlugin:80 - create IPUIPlugin
2024-03-27 16:02:20,963 [INFO] PluginManager:220 - loadIPPluginJar : add dma
2024-03-27 16:02:20,965 [INFO] IPUIPlugin:80 - create IPUIPlugin
2024-03-27 16:02:20,965 [INFO] PluginManager:220 - loadIPPluginJar : add dma3
2024-03-27 16:02:20,967 [INFO] IPUIPlugin:80 - create IPUIPlugin
2024-03-27 16:02:20,967 [INFO] PluginManager:220 - loadIPPluginJar : add fatfs
2024-03-27 16:02:20,970 [INFO] IPUIPlugin:80 - create IPUIPlugin
2024-03-27 16:02:20,970 [INFO] PluginManager:220 - loadIPPluginJar : add fmc
2024-03-27 16:02:20,974 [INFO] IPUIPlugin:80 - create IPUIPlugin
2024-03-27 16:02:20,974 [INFO] PluginManager:220 - loadIPPluginJar : add freertos
2024-03-27 16:02:20,975 [INFO] IPUIPlugin:80 - create IPUIPlugin
2024-03-27 16:02:20,975 [INFO] PluginManager:220 - loadIPPluginJar : add genericplugin
2024-03-27 16:02:20,977 [INFO] IPUIPlugin:80 - create IPUIPlugin
2024-03-27 16:02:20,977 [INFO] PluginManager:220 - loadIPPluginJar : add gfxmmu
2024-03-27 16:02:20,981 [INFO] IPUIPlugin:80 - create IPUIPlugin
2024-03-27 16:02:20,981 [INFO] PluginManager:220 - loadIPPluginJar : add gic
2024-03-27 16:02:20,983 [INFO] IPUIPlugin:80 - create IPUIPlugin
2024-03-27 16:02:20,983 [INFO] PluginManager:220 - loadIPPluginJar : add gpio
2024-03-27 16:02:20,985 [INFO] IPUIPlugin:80 - create IPUIPlugin
2024-03-27 16:02:20,985 [INFO] PluginManager:220 - loadIPPluginJar : add gtzc
2024-03-27 16:02:20,987 [INFO] IPUIPlugin:80 - create IPUIPlugin
2024-03-27 16:02:20,987 [INFO] PluginManager:220 - loadIPPluginJar : add hash
2024-03-27 16:02:20,989 [INFO] IPUIPlugin:80 - create IPUIPlugin
2024-03-27 16:02:20,989 [INFO] PluginManager:220 - loadIPPluginJar : add i2c
2024-03-27 16:02:20,990 [INFO] IPUIPlugin:80 - create IPUIPlugin
2024-03-27 16:02:20,991 [INFO] PluginManager:220 - loadIPPluginJar : add i2s
2024-03-27 16:02:20,993 [INFO] IPUIPlugin:80 - create IPUIPlugin
2024-03-27 16:02:20,993 [INFO] PluginManager:220 - loadIPPluginJar : add i3c
2024-03-27 16:02:20,995 [INFO] IPUIPlugin:80 - create IPUIPlugin
2024-03-27 16:02:20,995 [INFO] PluginManager:220 - loadIPPluginJar : add ipddr
2024-03-27 16:02:20,999 [INFO] IPUIPlugin:80 - create IPUIPlugin
2024-03-27 16:02:20,999 [INFO] PluginManager:220 - loadIPPluginJar : add linkedlist
2024-03-27 16:02:21,001 [INFO] IPUIPlugin:80 - create IPUIPlugin
2024-03-27 16:02:21,001 [INFO] PluginManager:220 - loadIPPluginJar : add lorawan
2024-03-27 16:02:21,002 [INFO] IPUIPlugin:80 - create IPUIPlugin
2024-03-27 16:02:21,002 [INFO] PluginManager:220 - loadIPPluginJar : add ltdc
2024-03-27 16:02:21,006 [INFO] IPUIPlugin:80 - create IPUIPlugin
2024-03-27 16:02:21,006 [INFO] PluginManager:220 - loadIPPluginJar : add mdma
2024-03-27 16:02:21,009 [INFO] IPUIPlugin:80 - create IPUIPlugin
2024-03-27 16:02:21,009 [INFO] PluginManager:220 - loadIPPluginJar : add nvic
2024-03-27 16:02:21,011 [INFO] IPUIPlugin:80 - create IPUIPlugin
2024-03-27 16:02:21,011 [INFO] PluginManager:220 - loadIPPluginJar : add opamp
2024-03-27 16:02:21,012 [INFO] IPUIPlugin:80 - create IPUIPlugin
2024-03-27 16:02:21,013 [INFO] PluginManager:220 - loadIPPluginJar : add openamp
2024-03-27 16:02:21,014 [INFO] IPUIPlugin:80 - create IPUIPlugin
2024-03-27 16:02:21,015 [INFO] PluginManager:220 - loadIPPluginJar : add pdm2pcm
2024-03-27 16:02:21,019 [INFO] IPUIPlugin:80 - create IPUIPlugin
2024-03-27 16:02:21,021 [INFO] PluginManager:220 - loadIPPluginJar : add plateformsettings
2024-03-27 16:02:21,023 [INFO] IPUIPlugin:80 - create IPUIPlugin
2024-03-27 16:02:21,023 [INFO] PluginManager:220 - loadIPPluginJar : add quadspi
2024-03-27 16:02:21,026 [INFO] IPUIPlugin:80 - create IPUIPlugin
2024-03-27 16:02:21,026 [INFO] PluginManager:220 - loadIPPluginJar : add resmgrutility
2024-03-27 16:02:21,028 [INFO] IPUIPlugin:80 - create IPUIPlugin
2024-03-27 16:02:21,028 [INFO] PluginManager:220 - loadIPPluginJar : add sai
2024-03-27 16:02:21,029 [INFO] IPUIPlugin:80 - create IPUIPlugin
2024-03-27 16:02:21,030 [INFO] PluginManager:220 - loadIPPluginJar : add spi
2024-03-27 16:02:21,033 [INFO] IPUIPlugin:80 - create IPUIPlugin
2024-03-27 16:02:21,033 [INFO] PluginManager:220 - loadIPPluginJar : add stm32_wpan
2024-03-27 16:02:21,034 [INFO] IPUIPlugin:80 - create IPUIPlugin
2024-03-27 16:02:21,034 [INFO] PluginManager:220 - loadIPPluginJar : add tim
2024-03-27 16:02:21,036 [INFO] IPUIPlugin:80 - create IPUIPlugin
2024-03-27 16:02:21,036 [INFO] PluginManager:220 - loadIPPluginJar : add touchsensing
2024-03-27 16:02:21,037 [INFO] IPUIPlugin:80 - create IPUIPlugin
2024-03-27 16:02:21,038 [INFO] PluginManager:220 - loadIPPluginJar : add tracer_emb
2024-03-27 16:02:21,039 [INFO] IPUIPlugin:80 - create IPUIPlugin
2024-03-27 16:02:21,039 [INFO] PluginManager:220 - loadIPPluginJar : add ts
2024-03-27 16:02:21,041 [INFO] IPUIPlugin:80 - create IPUIPlugin
2024-03-27 16:02:21,041 [INFO] PluginManager:220 - loadIPPluginJar : add tsc
2024-03-27 16:02:21,043 [INFO] IPUIPlugin:80 - create IPUIPlugin
2024-03-27 16:02:21,043 [INFO] PluginManager:220 - loadIPPluginJar : add ucpd
2024-03-27 16:02:21,045 [INFO] IPUIPlugin:80 - create IPUIPlugin
2024-03-27 16:02:21,045 [INFO] PluginManager:220 - loadIPPluginJar : add usart
2024-03-27 16:02:21,047 [INFO] IPUIPlugin:80 - create IPUIPlugin
2024-03-27 16:02:21,047 [INFO] PluginManager:220 - loadIPPluginJar : add usbx
2024-03-27 16:02:21,180 [INFO] CADModel:165 - CPN selected for project level
2024-03-27 16:02:21,180 [INFO] CADModel:114 - Register for checkConnection events
2024-03-27 16:02:21,180 [FATAL] Updater:308 - Updater called before beeing initialized
2024-03-27 16:02:21,180 [ERROR] CADModel:125 - Updater not yet initialized, retry later 
2024-03-27 16:02:21,315 [INFO] CADModel:165 - CPN selected for project level
2024-03-27 16:02:21,315 [INFO] CADModel:114 - Register for checkConnection events
2024-03-27 16:02:21,315 [FATAL] Updater:308 - Updater called before beeing initialized
2024-03-27 16:02:21,315 [ERROR] CADModel:125 - Updater not yet initialized, retry later 
2024-03-27 16:02:21,318 [FATAL] Updater:308 - Updater called before beeing initialized
2024-03-27 16:02:21,454 [FATAL] Updater:308 - Updater called before beeing initialized
2024-03-27 16:02:21,460 [INFO] DbMcusAds:53 - JSON generation date=Wed Nov 29 18:52:27 CST 2023 (1701255147349)
2024-03-27 16:02:21,460 [FATAL] Updater:308 - Updater called before beeing initialized
2024-03-27 16:02:21,500 [WARN] DetailPanel:346 - Failed to get advertising image, set to default
2024-03-27 16:02:21,614 [FATAL] Updater:308 - Updater called before beeing initialized
2024-03-27 16:02:21,616 [FATAL] Updater:308 - Updater called before beeing initialized
2024-03-27 16:02:21,616 [FATAL] Updater:308 - Updater called before beeing initialized
2024-03-27 16:02:21,616 [WARN] DetailPanel:346 - Failed to get advertising image, set to default
2024-03-27 16:02:21,617 [FATAL] Updater:308 - Updater called before beeing initialized
