2024-03-27 16:12:25,901 [INFO] Activator:176 - 


2024-03-27 16:12:25,902 [INFO] Activator:177 - !SESSION log4j initialized
2024-03-27 16:12:27,628 [INFO] LogOutputStream:77 - [STDOUT_REDIRECT] 
2024-03-27 16:12:32,157 [INFO] ApplicationProperties:184 - Using Application install path: F:\CubeIDE1.14.1\STM32CubeIDE_1.14.1\STM32CubeIDE\plugins\com.st.stm32cube.common.mx_6.10.0.202311202037
2024-03-27 16:12:32,169 [INFO] DbMcusXml:78 - Set database path to: F:\CubeIDE1.14.1\STM32CubeIDE_1.14.1\STM32CubeIDE\plugins\com.st.stm32cube.common.mx_6.10.0.202311202037\\db\/mcu/
2024-03-27 16:12:32,169 [INFO] ApiDb:274 - Set plugin database path to: F:\CubeIDE1.14.1\STM32CubeIDE_1.14.1\STM32CubeIDE\plugins\com.st.stm32cube.common.mx_6.10.0.202311202037\\db\/plugins/boardmanager/
2024-03-27 16:12:32,170 [WARN] ApiDb:259 - Overriding images path with different value:  => F:\CubeIDE1.14.1\STM32CubeIDE_1.14.1\STM32CubeIDE\plugins\com.st.stm32cube.common.mx_6.10.0.202311202037\\db\/plugins/mcufinder/images/
2024-03-27 16:12:32,174 [INFO] ApiDb:250 - Set database path to: C:\Users\adsa\.stmcufinder\plugins\mcufinder//mcu/
2024-03-27 16:12:32,175 [INFO] DbMcusAds:125 - Set database path to: C:\Users\adsa\.stmcufinder\plugins\mcufinder//mcu/
2024-03-27 16:12:32,176 [INFO] CrossReferenceDbSqlite:203 - Set database path to: C:\Users\adsa\.stmcufinder\plugins\mcufinder//mcu/cs/
2024-03-27 16:12:32,254 [INFO] RulesReader:64 - Compatibility file has been processed (297 Rules)
2024-03-27 16:12:32,317 [INFO] DbMcusXml:78 - Set database path to: F:\CubeIDE1.14.1\STM32CubeIDE_1.14.1\STM32CubeIDE\plugins\com.st.stm32cube.common.mx_6.10.0.202311202037\\db\/mcu/
2024-03-27 16:12:32,317 [INFO] ApiDb:274 - Set plugin database path to: F:\CubeIDE1.14.1\STM32CubeIDE_1.14.1\STM32CubeIDE\plugins\com.st.stm32cube.common.mx_6.10.0.202311202037\\db\/plugins/boardmanager/
2024-03-27 16:12:32,317 [INFO] ApiDb:261 - Set plugin images path to: F:\CubeIDE1.14.1\STM32CubeIDE_1.14.1\STM32CubeIDE\plugins\com.st.stm32cube.common.mx_6.10.0.202311202037\\db\/plugins/mcufinder/images/
2024-03-27 16:12:32,317 [WARN] DbFile:41 - Overriding database path with different value: C:\Users\adsa\.stmcufinder\plugins\mcufinder/ => C:\Users\adsa\.stmcufinder\plugins\mcufinder
2024-03-27 16:12:32,317 [INFO] ApiDb:250 - Set database path to: C:\Users\adsa\.stmcufinder\plugins\mcufinder//mcu/
2024-03-27 16:12:32,317 [WARN] DbFile:41 - Overriding database path with different value: C:\Users\adsa\.stmcufinder\plugins\mcufinder/ => C:\Users\adsa\.stmcufinder\plugins\mcufinder
2024-03-27 16:12:32,318 [INFO] DbMcusAds:125 - Set database path to: C:\Users\adsa\.stmcufinder\plugins\mcufinder//mcu/
2024-03-27 16:12:32,318 [WARN] DbFile:41 - Overriding database path with different value: C:\Users\adsa\.stmcufinder\plugins\mcufinder/ => C:\Users\adsa\.stmcufinder\plugins\mcufinder
2024-03-27 16:12:32,318 [WARN] DbFile:41 - Overriding database path with different value: C:\Users\adsa\.stmcufinder\plugins\mcufinder/ => C:\Users\adsa\.stmcufinder\plugins\mcufinder
2024-03-27 16:12:32,318 [INFO] CrossReferenceDbSqlite:203 - Set database path to: C:\Users\adsa\.stmcufinder\plugins\mcufinder//mcu/cs/
2024-03-27 16:12:32,369 [INFO] MainPanel:264 - HeapMemory: 268435456
2024-03-27 16:12:32,411 [INFO] DbMcusXml:78 - Set database path to: F:\CubeIDE1.14.1\STM32CubeIDE_1.14.1\STM32CubeIDE\plugins\com.st.stm32cube.common.mx_6.10.0.202311202037\\db\/mcu/
2024-03-27 16:12:32,411 [INFO] ApiDb:274 - Set plugin database path to: F:\CubeIDE1.14.1\STM32CubeIDE_1.14.1\STM32CubeIDE\plugins\com.st.stm32cube.common.mx_6.10.0.202311202037\\db\/plugins/boardmanager/
2024-03-27 16:12:32,411 [INFO] ApiDb:261 - Set plugin images path to: F:\CubeIDE1.14.1\STM32CubeIDE_1.14.1\STM32CubeIDE\plugins\com.st.stm32cube.common.mx_6.10.0.202311202037\\db\/plugins/mcufinder/images/
2024-03-27 16:12:32,411 [WARN] DbFile:41 - Overriding database path with different value: C:\Users\adsa\.stmcufinder\plugins\mcufinder/ => C:\Users\adsa\.stmcufinder\plugins\mcufinder
2024-03-27 16:12:32,411 [INFO] ApiDb:250 - Set database path to: C:\Users\adsa\.stmcufinder\plugins\mcufinder//mcu/
2024-03-27 16:12:32,412 [WARN] DbFile:41 - Overriding database path with different value: C:\Users\adsa\.stmcufinder\plugins\mcufinder/ => C:\Users\adsa\.stmcufinder\plugins\mcufinder
2024-03-27 16:12:32,412 [INFO] DbMcusAds:125 - Set database path to: C:\Users\adsa\.stmcufinder\plugins\mcufinder//mcu/
2024-03-27 16:12:32,412 [WARN] DbFile:41 - Overriding database path with different value: C:\Users\adsa\.stmcufinder\plugins\mcufinder/ => C:\Users\adsa\.stmcufinder\plugins\mcufinder
2024-03-27 16:12:32,412 [WARN] DbFile:41 - Overriding database path with different value: C:\Users\adsa\.stmcufinder\plugins\mcufinder/ => C:\Users\adsa\.stmcufinder\plugins\mcufinder
2024-03-27 16:12:32,412 [INFO] CrossReferenceDbSqlite:203 - Set database path to: C:\Users\adsa\.stmcufinder\plugins\mcufinder//mcu/cs/
2024-03-27 16:12:32,426 [INFO] ApplicationProperties:184 - Using Application install path: F:\CubeIDE1.14.1\STM32CubeIDE_1.14.1\STM32CubeIDE\plugins\com.st.stm32cube.common.mx_6.10.0.202311202037
2024-03-27 16:12:32,427 [INFO] PluginManage:196 - Search for loadable plugins [exclusion list=, ]
2024-03-27 16:12:32,428 [INFO] PluginManage:310 - Check plugin analytics
2024-03-27 16:12:32,560 [INFO] AnalyticsPlugin:253 - Accepted Software Licenses: STM32CubeMX.6.8.1,STM32CubeMX.6.10.0
2024-03-27 16:12:32,560 [INFO] AnalyticsPlugin:255 - Accepted CMSIS Pack Licenses: 
2024-03-27 16:12:32,561 [INFO] AnalyticsPlugin:257 - Accepted Firmware Licenses: FW.H7.1.11.0,FW.H5.1.0.0,FW.F4.1.27.0,FW.F4.1.28.0,FW.H5.1.1.0
2024-03-27 16:12:32,563 [INFO] PluginManage:359 - Loaded plugin analytics (category:tool,tabindex:-1)
2024-03-27 16:12:32,563 [INFO] PluginManage:310 - Check plugin cadmodel
2024-03-27 16:12:32,567 [INFO] CADModel:105 - Init CAD model plugin
2024-03-27 16:12:32,567 [INFO] PluginManage:359 - Loaded plugin cadmodel (category:power,tabindex:5)
2024-03-27 16:12:32,567 [INFO] PluginManage:310 - Check plugin clock
2024-03-27 16:12:32,576 [INFO] PluginManage:359 - Loaded plugin clock (category:base,tabindex:2)
2024-03-27 16:12:32,577 [INFO] PluginManage:310 - Check plugin ddr
2024-03-27 16:12:32,579 [INFO] PluginManage:359 - Loaded plugin ddr (category:tool,tabindex:6)
2024-03-27 16:12:32,579 [INFO] PluginManage:310 - Check plugin filemanager
2024-03-27 16:12:32,703 [INFO] PluginManage:359 - Loaded plugin filemanager (category:base,tabindex:10)
2024-03-27 16:12:32,703 [INFO] PluginManage:310 - Check plugin ipmanager
2024-03-27 16:12:32,712 [INFO] PluginManage:359 - Loaded plugin ipmanager (category:base,tabindex:5)
2024-03-27 16:12:32,712 [INFO] PluginManage:310 - Check plugin lpbam
2024-03-27 16:12:32,720 [INFO] PluginManage:359 - Loaded plugin lpbam (category:base,tabindex:0)
2024-03-27 16:12:32,720 [INFO] PluginManage:310 - Check plugin memorymap
2024-03-27 16:12:32,732 [INFO] PluginManage:359 - Loaded plugin memorymap (category:base,tabindex:4)
2024-03-27 16:12:32,732 [INFO] PluginManage:310 - Check plugin pinoutandconfiguration
2024-03-27 16:12:32,738 [INFO] PluginManage:359 - Loaded plugin pinoutandconfiguration (category:base,tabindex:1)
2024-03-27 16:12:32,739 [INFO] PluginManage:310 - Check plugin pinoutconfig
2024-03-27 16:12:32,815 [WARN] SupportedApi:132 - Cannot load RTOS API schema: s4s-elt-must-match.1: The content of 'definitions' must match (annotation?, (simpleType | complexType)?, (unique | key | keyref)*)). A problem was found starting at: attribute.
2024-03-27 16:12:32,917 [INFO] PluginManage:359 - Loaded plugin pinoutconfig (category:base,tabindex:0)
2024-03-27 16:12:32,917 [INFO] PluginManage:310 - Check plugin power
2024-03-27 16:12:32,922 [INFO] PluginManage:359 - Loaded plugin power (category:power,tabindex:4)
2024-03-27 16:12:32,922 [INFO] PluginManage:310 - Check plugin projectmanager
2024-03-27 16:12:32,934 [INFO] PluginManage:359 - Loaded plugin projectmanager (category:projectmanager,tabindex:3)
2024-03-27 16:12:32,934 [INFO] PluginManage:310 - Check plugin thirdparty
2024-03-27 16:12:33,027 [INFO] PluginManage:359 - Loaded plugin thirdparty (category:base,tabindex:-1)
2024-03-27 16:12:33,027 [INFO] PluginManage:310 - Check plugin tools
2024-03-27 16:12:33,027 [WARN] IntegrityCheckThread:84 - waiting for thirdparty lock release [integrity check]
2024-03-27 16:12:33,027 [INFO] IntegrityCheckThread:86 - entering critical section [integrity check]
2024-03-27 16:12:33,028 [INFO] ThirdPartyUpdaterWithRetryManager:70 - Updater plugin not ready yet. [1/15]
2024-03-27 16:12:33,029 [INFO] PluginManage:359 - Loaded plugin tools (category:base,tabindex:7)
2024-03-27 16:12:33,029 [INFO] PluginManage:310 - Check plugin tutovideos
2024-03-27 16:12:33,167 [INFO] PluginManage:359 - Loaded plugin tutovideos (category:base,tabindex:-1)
2024-03-27 16:12:33,167 [INFO] PluginManage:310 - Check plugin updater
2024-03-27 16:12:33,175 [INFO] PluginManage:359 - Loaded plugin updater (category:base,tabindex:12)
2024-03-27 16:12:33,175 [INFO] PluginManage:310 - Check plugin userauth
2024-03-27 16:12:33,179 [INFO] UserAuth:114 - Init User Auth plugin
2024-03-27 16:12:33,179 [INFO] PluginManage:359 - Loaded plugin userauth (category:base,tabindex:14)
2024-03-27 16:12:33,179 [INFO] PluginManage:283 - PluginManage : Loaded plugins [17]
2024-03-27 16:12:33,342 [INFO] PinOutPanel:1499 - setPackage(No Configuration,No Configuration)
2024-03-27 16:12:33,404 [INFO] CADModel:165 - CPN selected for project level
2024-03-27 16:12:33,404 [INFO] CADModel:114 - Register for checkConnection events
2024-03-27 16:12:33,414 [INFO] IPUIPlugin:80 - create IPUIPlugin
2024-03-27 16:12:33,414 [INFO] PluginManager:220 - loadIPPluginJar : add adc
2024-03-27 16:12:33,416 [INFO] IPUIPlugin:80 - create IPUIPlugin
2024-03-27 16:12:33,416 [INFO] PluginManager:220 - loadIPPluginJar : add aes
2024-03-27 16:12:33,418 [INFO] IPUIPlugin:80 - create IPUIPlugin
2024-03-27 16:12:33,418 [INFO] PluginManager:220 - loadIPPluginJar : add can
2024-03-27 16:12:33,419 [INFO] IPUIPlugin:80 - create IPUIPlugin
2024-03-27 16:12:33,419 [INFO] PluginManager:220 - loadIPPluginJar : add comp
2024-03-27 16:12:33,421 [INFO] IPUIPlugin:80 - create IPUIPlugin
2024-03-27 16:12:33,421 [INFO] PluginManager:220 - loadIPPluginJar : add cryp
2024-03-27 16:12:33,422 [INFO] IPUIPlugin:80 - create IPUIPlugin
2024-03-27 16:12:33,422 [INFO] PluginManager:220 - loadIPPluginJar : add dfsdm
2024-03-27 16:12:33,425 [INFO] IPUIPlugin:80 - create IPUIPlugin
2024-03-27 16:12:33,426 [INFO] PluginManager:220 - loadIPPluginJar : add dma
2024-03-27 16:12:33,427 [INFO] IPUIPlugin:80 - create IPUIPlugin
2024-03-27 16:12:33,427 [INFO] PluginManager:220 - loadIPPluginJar : add dma3
2024-03-27 16:12:33,428 [INFO] IPUIPlugin:80 - create IPUIPlugin
2024-03-27 16:12:33,428 [INFO] PluginManager:220 - loadIPPluginJar : add fatfs
2024-03-27 16:12:33,430 [INFO] IPUIPlugin:80 - create IPUIPlugin
2024-03-27 16:12:33,430 [INFO] PluginManager:220 - loadIPPluginJar : add fmc
2024-03-27 16:12:33,433 [INFO] IPUIPlugin:80 - create IPUIPlugin
2024-03-27 16:12:33,433 [INFO] PluginManager:220 - loadIPPluginJar : add freertos
2024-03-27 16:12:33,434 [INFO] IPUIPlugin:80 - create IPUIPlugin
2024-03-27 16:12:33,434 [INFO] PluginManager:220 - loadIPPluginJar : add genericplugin
2024-03-27 16:12:33,435 [INFO] IPUIPlugin:80 - create IPUIPlugin
2024-03-27 16:12:33,435 [INFO] PluginManager:220 - loadIPPluginJar : add gfxmmu
2024-03-27 16:12:33,439 [INFO] IPUIPlugin:80 - create IPUIPlugin
2024-03-27 16:12:33,439 [INFO] PluginManager:220 - loadIPPluginJar : add gic
2024-03-27 16:12:33,442 [INFO] IPUIPlugin:80 - create IPUIPlugin
2024-03-27 16:12:33,442 [INFO] PluginManager:220 - loadIPPluginJar : add gpio
2024-03-27 16:12:33,443 [INFO] IPUIPlugin:80 - create IPUIPlugin
2024-03-27 16:12:33,444 [INFO] PluginManager:220 - loadIPPluginJar : add gtzc
2024-03-27 16:12:33,445 [INFO] IPUIPlugin:80 - create IPUIPlugin
2024-03-27 16:12:33,445 [INFO] PluginManager:220 - loadIPPluginJar : add hash
2024-03-27 16:12:33,446 [INFO] IPUIPlugin:80 - create IPUIPlugin
2024-03-27 16:12:33,446 [INFO] PluginManager:220 - loadIPPluginJar : add i2c
2024-03-27 16:12:33,448 [INFO] IPUIPlugin:80 - create IPUIPlugin
2024-03-27 16:12:33,448 [INFO] PluginManager:220 - loadIPPluginJar : add i2s
2024-03-27 16:12:33,450 [INFO] IPUIPlugin:80 - create IPUIPlugin
2024-03-27 16:12:33,450 [INFO] PluginManager:220 - loadIPPluginJar : add i3c
2024-03-27 16:12:33,452 [INFO] IPUIPlugin:80 - create IPUIPlugin
2024-03-27 16:12:33,452 [INFO] PluginManager:220 - loadIPPluginJar : add ipddr
2024-03-27 16:12:33,456 [INFO] IPUIPlugin:80 - create IPUIPlugin
2024-03-27 16:12:33,456 [INFO] PluginManager:220 - loadIPPluginJar : add linkedlist
2024-03-27 16:12:33,458 [INFO] IPUIPlugin:80 - create IPUIPlugin
2024-03-27 16:12:33,458 [INFO] PluginManager:220 - loadIPPluginJar : add lorawan
2024-03-27 16:12:33,459 [INFO] IPUIPlugin:80 - create IPUIPlugin
2024-03-27 16:12:33,459 [INFO] PluginManager:220 - loadIPPluginJar : add ltdc
2024-03-27 16:12:33,462 [INFO] IPUIPlugin:80 - create IPUIPlugin
2024-03-27 16:12:33,463 [INFO] PluginManager:220 - loadIPPluginJar : add mdma
2024-03-27 16:12:33,465 [INFO] IPUIPlugin:80 - create IPUIPlugin
2024-03-27 16:12:33,465 [INFO] PluginManager:220 - loadIPPluginJar : add nvic
2024-03-27 16:12:33,466 [INFO] IPUIPlugin:80 - create IPUIPlugin
2024-03-27 16:12:33,466 [INFO] PluginManager:220 - loadIPPluginJar : add opamp
2024-03-27 16:12:33,468 [INFO] IPUIPlugin:80 - create IPUIPlugin
2024-03-27 16:12:33,468 [INFO] PluginManager:220 - loadIPPluginJar : add openamp
2024-03-27 16:12:33,470 [INFO] IPUIPlugin:80 - create IPUIPlugin
2024-03-27 16:12:33,470 [INFO] PluginManager:220 - loadIPPluginJar : add pdm2pcm
2024-03-27 16:12:33,473 [INFO] IPUIPlugin:80 - create IPUIPlugin
2024-03-27 16:12:33,476 [INFO] PluginManager:220 - loadIPPluginJar : add plateformsettings
2024-03-27 16:12:33,477 [INFO] IPUIPlugin:80 - create IPUIPlugin
2024-03-27 16:12:33,477 [INFO] PluginManager:220 - loadIPPluginJar : add quadspi
2024-03-27 16:12:33,479 [INFO] IPUIPlugin:80 - create IPUIPlugin
2024-03-27 16:12:33,479 [INFO] PluginManager:220 - loadIPPluginJar : add resmgrutility
2024-03-27 16:12:33,481 [INFO] IPUIPlugin:80 - create IPUIPlugin
2024-03-27 16:12:33,481 [INFO] PluginManager:220 - loadIPPluginJar : add sai
2024-03-27 16:12:33,482 [INFO] IPUIPlugin:80 - create IPUIPlugin
2024-03-27 16:12:33,482 [INFO] PluginManager:220 - loadIPPluginJar : add spi
2024-03-27 16:12:33,486 [INFO] IPUIPlugin:80 - create IPUIPlugin
2024-03-27 16:12:33,486 [INFO] PluginManager:220 - loadIPPluginJar : add stm32_wpan
2024-03-27 16:12:33,487 [INFO] IPUIPlugin:80 - create IPUIPlugin
2024-03-27 16:12:33,487 [INFO] PluginManager:220 - loadIPPluginJar : add tim
2024-03-27 16:12:33,489 [INFO] IPUIPlugin:80 - create IPUIPlugin
2024-03-27 16:12:33,490 [INFO] PluginManager:220 - loadIPPluginJar : add touchsensing
2024-03-27 16:12:33,492 [INFO] IPUIPlugin:80 - create IPUIPlugin
2024-03-27 16:12:33,492 [INFO] PluginManager:220 - loadIPPluginJar : add tracer_emb
2024-03-27 16:12:33,494 [INFO] IPUIPlugin:80 - create IPUIPlugin
2024-03-27 16:12:33,494 [INFO] PluginManager:220 - loadIPPluginJar : add ts
2024-03-27 16:12:33,495 [INFO] IPUIPlugin:80 - create IPUIPlugin
2024-03-27 16:12:33,495 [INFO] PluginManager:220 - loadIPPluginJar : add tsc
2024-03-27 16:12:33,496 [INFO] IPUIPlugin:80 - create IPUIPlugin
2024-03-27 16:12:33,496 [INFO] PluginManager:220 - loadIPPluginJar : add ucpd
2024-03-27 16:12:33,499 [INFO] IPUIPlugin:80 - create IPUIPlugin
2024-03-27 16:12:33,499 [INFO] PluginManager:220 - loadIPPluginJar : add usart
2024-03-27 16:12:33,501 [INFO] IPUIPlugin:80 - create IPUIPlugin
2024-03-27 16:12:33,501 [INFO] PluginManager:220 - loadIPPluginJar : add usbx
2024-03-27 16:12:33,629 [INFO] CADModel:165 - CPN selected for project level
2024-03-27 16:12:33,629 [INFO] CADModel:114 - Register for checkConnection events
2024-03-27 16:12:33,629 [FATAL] Updater:308 - Updater called before beeing initialized
2024-03-27 16:12:33,630 [ERROR] CADModel:125 - Updater not yet initialized, retry later 
2024-03-27 16:12:33,725 [INFO] CADModel:165 - CPN selected for project level
2024-03-27 16:12:33,725 [INFO] CADModel:114 - Register for checkConnection events
2024-03-27 16:12:33,726 [FATAL] Updater:308 - Updater called before beeing initialized
2024-03-27 16:12:33,726 [ERROR] CADModel:125 - Updater not yet initialized, retry later 
2024-03-27 16:12:33,728 [FATAL] Updater:308 - Updater called before beeing initialized
2024-03-27 16:12:33,828 [FATAL] Updater:308 - Updater called before beeing initialized
2024-03-27 16:12:33,831 [INFO] DbMcusAds:53 - JSON generation date=Wed Nov 29 18:52:27 CST 2023 (1701255147349)
2024-03-27 16:12:33,831 [FATAL] Updater:308 - Updater called before beeing initialized
2024-03-27 16:12:33,858 [WARN] DetailPanel:346 - Failed to get advertising image, set to default
2024-03-27 16:12:33,937 [FATAL] Updater:308 - Updater called before beeing initialized
2024-03-27 16:12:33,938 [FATAL] Updater:308 - Updater called before beeing initialized
2024-03-27 16:12:33,938 [FATAL] Updater:308 - Updater called before beeing initialized
2024-03-27 16:12:33,938 [WARN] DetailPanel:346 - Failed to get advertising image, set to default
2024-03-27 16:12:33,939 [FATAL] Updater:308 - Updater called before beeing initialized
2024-03-27 16:12:33,972 [ERROR] Updater:1120 - MainUpdater not yet initialized. External WinMGr cannot be set.
2024-03-27 16:12:33,973 [INFO] Updater:1056 - Updater Version found : 6.10.0
2024-03-27 16:12:33,983 [INFO] ApplicationProperties:184 - Using Application install path: F:\CubeIDE1.14.1\STM32CubeIDE_1.14.1\STM32CubeIDE\plugins\com.st.stm32cube.common.mx_6.10.0.202311202037
2024-03-27 16:12:34,404 [INFO] MainUpdater:2873 - connection check result : 10
2024-03-27 16:12:34,405 [INFO] MainUpdater:290 - Updater Check For Update Now.
2024-03-27 16:12:34,405 [INFO] MicroXplorer:498 - Change Database Version : DB.6.0.100
2024-03-27 16:12:34,409 [INFO] McuFinderGlobals:63 - Set McuFinder mode to 2 (CubeIDE integrated)
2024-03-27 16:12:34,409 [INFO] UserAuth:180 - activating auth plugin
2024-03-27 16:12:34,411 [INFO] UserAuth:404 - Internet connection configuration mode: 1
2024-03-27 16:12:34,427 [INFO] JxBrowserEngine:152 - Initiate JxBrowser Engine with user profile folder
2024-03-27 16:12:34,571 [INFO] CheckServerUpdateThread:120 - End of CheckServer Thread
2024-03-27 16:12:35,205 [INFO] WebApp:161 - Instantiating new browser for Auth
2024-03-27 16:12:35,699 [INFO] WebApp:780 - Register for checkConnection events
2024-03-27 16:12:35,699 [INFO] WebApp:414 - Apply proxy settings
2024-03-27 16:12:35,699 [INFO] WebApp:499 - Chromium requires no authentication
2024-03-27 16:12:35,705 [INFO] WebApp:442 - Direct internet connection detected
2024-03-27 16:12:35,858 [INFO] WebApp:192 - Starting web application
2024-03-27 16:12:35,858 [INFO] WebApp:544 - Web application path used F:\CubeIDE1.14.1\STM32CubeIDE_1.14.1\STM32CubeIDE\plugins\com.st.stm32cube.common.mx_6.10.0.202311202037\db\plugins\mcufinder\reactClient1\index.html
2024-03-27 16:12:36,509 [WARN] PackLoader:240 - Cannot read IP mode file for STMicroelectronics.X-CUBE-SMBUS.2.1.0
2024-03-27 16:12:36,517 [WARN] PackLoader:240 - Cannot read IP mode file for STMicroelectronics.X-CUBE-TOUCHGFX.4.23.0
2024-03-27 16:12:36,574 [WARN] PackLoader:240 - Cannot read IP mode file for STMicroelectronics.X-CUBE-MEMS1.9.2.0
2024-03-27 16:12:36,745 [WARN] PackLoader:240 - Cannot read IP mode file for STMicroelectronics.X-CUBE-AZRTOS-F7.1.1.0
2024-03-27 16:12:36,771 [WARN] PackLoader:240 - Cannot read IP mode file for STMicroelectronics.X-CUBE-AI.7.1.0
2024-03-27 16:12:36,775 [WARN] PackLoader:240 - Cannot read IP mode file for STMicroelectronics.X-CUBE-TOUCHGFX.4.19.1
2024-03-27 16:12:36,781 [WARN] PackLoader:240 - Cannot read IP mode file for STMicroelectronics.FP-SNS-MOTENV1.4.3.2
2024-03-27 16:12:36,792 [WARN] PackLoader:240 - Cannot read IP mode file for STMicroelectronics.FP-SNS-FLIGHT1.5.0.1
2024-03-27 16:12:36,798 [WARN] PackLoader:240 - Cannot read IP mode file for STMicroelectronics.X-CUBE-BLE1.6.2.3
2024-03-27 16:12:36,803 [WARN] PackLoader:240 - Cannot read IP mode file for STMicroelectronics.X-CUBE-BLE1.6.2.4
2024-03-27 16:12:36,806 [WARN] PackLoader:240 - Cannot read IP mode file for STMicroelectronics.FP-SNS-FLIGHT1.5.0.2
2024-03-27 16:12:36,811 [WARN] PackLoader:240 - Cannot read IP mode file for STMicroelectronics.X-CUBE-BLE2.3.2.2
2024-03-27 16:12:36,822 [WARN] PackLoader:240 - Cannot read IP mode file for STMicroelectronics.X-CUBE-TOF1.3.1.0
2024-03-27 16:12:36,834 [WARN] PackLoader:240 - Cannot read IP mode file for STMicroelectronics.X-CUBE-DISPLAY.3.0.0
2024-03-27 16:12:36,842 [WARN] PackLoader:240 - Cannot read IP mode file for STMicroelectronics.X-CUBE-BLE1.7.0.0
2024-03-27 16:12:36,846 [WARN] PackLoader:240 - Cannot read IP mode file for STMicroelectronics.X-CUBE-TOUCHGFX.4.22.0
2024-03-27 16:12:36,850 [WARN] PackLoader:240 - Cannot read IP mode file for STMicroelectronics.X-CUBE-TOUCHGFX.4.22.1
2024-03-27 16:12:36,880 [WARN] PackLoader:240 - Cannot read IP mode file for STMicroelectronics.X-CUBE-MEMS1.9.3.0
2024-03-27 16:12:36,982 [WARN] PackLoader:240 - Cannot read IP mode file for STMicroelectronics.X-CUBE-AI.7.2.0
2024-03-27 16:12:36,992 [WARN] PackLoader:240 - Cannot read IP mode file for STMicroelectronics.X-CUBE-BLEMGR.3.1.0
2024-03-27 16:12:36,999 [WARN] PackLoader:240 - Cannot read IP mode file for STMicroelectronics.FP-SNS-SMARTAG2.1.2.0
2024-03-27 16:12:37,009 [INFO] LogOutputStream:77 - [STDOUT_REDIRECT] 1 : Invalid condition id : UX_CORESTACK_Condition cause : null
2024-03-27 16:12:37,009 [INFO] LogOutputStream:77 - [STDOUT_REDIRECT] 1 : Invalid condition id : UX_CORESTACK_Condition cause : null
2024-03-27 16:12:37,011 [INFO] LogOutputStream:77 - [STDOUT_REDIRECT] 1 : Invalid condition id : UX_CORESTACK_Condition cause : null
2024-03-27 16:12:37,012 [INFO] LogOutputStream:77 - [STDOUT_REDIRECT] 1 : Invalid condition id : UX_CORESTACK_Condition cause : null
2024-03-27 16:12:37,014 [INFO] LogOutputStream:77 - [STDOUT_REDIRECT] 1 : Invalid condition id : UX_CORESTACK_Condition cause : null
2024-03-27 16:12:37,016 [WARN] PackLoader:240 - Cannot read IP mode file for STMicroelectronics.X-CUBE-AZRTOS-WL.2.0.0
2024-03-27 16:12:37,025 [WARN] PackLoader:240 - Cannot read IP mode file for WES.I-CUBE-Cesium.1.3.0
2024-03-27 16:12:37,029 [WARN] PackLoader:240 - Cannot read IP mode file for STMicroelectronics.X-CUBE-BLE2.3.3.0
2024-03-27 16:12:37,035 [WARN] PackLoader:240 - Cannot read IP mode file for STMicroelectronics.X-CUBE-DISPLAY.2.2.0
2024-03-27 16:12:37,046 [WARN] PackLoader:240 - Cannot read IP mode file for STMicroelectronics.X-CUBE-TOF1.3.2.0
2024-03-27 16:12:37,057 [WARN] PackLoader:240 - Cannot read IP mode file for STMicroelectronics.X-CUBE-ISPU.1.0.0
2024-03-27 16:12:37,074 [WARN] PackLoader:240 - Cannot read IP mode file for STMicroelectronics.X-CUBE-AZRTOS-H7.2.1.0
2024-03-27 16:12:37,080 [WARN] PackLoader:240 - Cannot read IP mode file for STMicroelectronics.X-CUBE-TOUCHGFX.4.21.1
2024-03-27 16:12:37,084 [WARN] PackLoader:240 - Cannot read IP mode file for STMicroelectronics.X-CUBE-TOUCHGFX.4.21.3
2024-03-27 16:12:37,123 [WARN] PackLoader:240 - Cannot read IP mode file for STMicroelectronics.X-CUBE-MEMS1.9.4.0
2024-03-27 16:12:37,241 [WARN] PackLoader:240 - Cannot read IP mode file for STMicroelectronics.X-CUBE-AI.7.3.0
2024-03-27 16:12:37,248 [WARN] PackLoader:240 - Cannot read IP mode file for STMicroelectronics.X-CUBE-ALGOBUILD.1.3.0
2024-03-27 16:12:37,267 [WARN] PackLoader:240 - Cannot read IP mode file for STMicroelectronics.X-CUBE-AZRTOS-G0.1.1.0
2024-03-27 16:12:37,275 [WARN] PackLoader:240 - Cannot read IP mode file for STMicroelectronics.X-CUBE-NFC4.3.0.0
2024-03-27 16:12:37,306 [WARN] PackLoader:240 - Cannot read IP mode file for SEGGER.I-CUBE-embOS.1.2.0
2024-03-27 16:12:37,337 [WARN] PackLoader:240 - Cannot read IP mode file for STMicroelectronics.X-CUBE-BLEMGR.3.0.0
2024-03-27 16:12:37,345 [WARN] PackLoader:240 - Cannot read IP mode file for STMicroelectronics.X-CUBE-BLEMGR.1.3.0
2024-03-27 16:12:37,351 [WARN] PackLoader:240 - Cannot read IP mode file for STMicroelectronics.FP-ATR-SIGFOX1.3.2.0
2024-03-27 16:12:37,358 [WARN] PackLoader:240 - Cannot read IP mode file for STMicroelectronics.X-CUBE-EEPRMA1.5.1.0
2024-03-27 16:12:37,367 [WARN] PackLoader:240 - Cannot read IP mode file for emotas.I-CUBE-CANOPEN.1.1.2
2024-03-27 16:12:37,371 [WARN] PackLoader:240 - Cannot read IP mode file for STMicroelectronics.X-CUBE-TOUCHGFX.4.20.0
2024-03-27 16:12:37,406 [WARN] PackLoader:240 - Cannot read IP mode file for STMicroelectronics.X-CUBE-MEMS1.9.5.0
2024-03-27 16:12:37,578 [WARN] PackLoader:240 - Cannot read IP mode file for SEGGER.I-CUBE-embOS.1.3.1
2024-03-27 16:12:37,620 [WARN] PackLoader:240 - Cannot read IP mode file for STMicroelectronics.X-CUBE-TOF1.3.0.0
2024-03-27 16:12:37,627 [WARN] PackLoader:240 - Cannot read IP mode file for STMicroelectronics.X-CUBE-GNSS1.6.0.0
2024-03-27 16:12:37,644 [WARN] PackLoader:240 - Cannot read IP mode file for STMicroelectronics.X-CUBE-AZRTOS-F4.1.1.0
2024-03-27 16:12:37,653 [WARN] PackLoader:240 - Cannot read IP mode file for STMicroelectronics.X-CUBE-BLEMGR.1.2.0
2024-03-27 16:12:37,670 [WARN] PackLoader:240 - Cannot read IP mode file for STMicroelectronics.X-CUBE-AZRTOS-L5.2.0.0
2024-03-27 16:12:37,704 [WARN] PackLoader:240 - Cannot read IP mode file for STMicroelectronics.X-CUBE-MEMS1.9.6.0
2024-03-27 16:12:37,834 [WARN] PackLoader:240 - Cannot read IP mode file for STMicroelectronics.X-CUBE-EEPRMA1.4.2.0
2024-03-27 16:12:37,842 [WARN] PackLoader:240 - Cannot read IP mode file for STMicroelectronics.X-CUBE-NFC6.3.1.0
2024-03-27 16:12:37,849 [WARN] PackLoader:240 - Cannot read IP mode file for ITTIA_DB.I-CUBE-ITTIADB.8.8.0
2024-03-27 16:12:37,855 [WARN] PackLoader:240 - Cannot read IP mode file for STMicroelectronics.X-CUBE-BLEMGR.2.0.0
2024-03-27 16:12:37,862 [WARN] PackLoader:240 - Cannot read IP mode file for STMicroelectronics.X-CUBE-NFC4.2.0.5
2024-03-27 16:12:37,867 [WARN] PackLoader:240 - Cannot read IP mode file for STMicroelectronics.X-CUBE-NFC4.2.0.4
2024-03-27 16:12:37,882 [WARN] ConditionMgr:438 - getConditionDescription Invalid condition id : UX DEVICE CLASS RTOS Condition cause : null
2024-03-27 16:12:37,882 [WARN] ConditionMgr:438 - getConditionDescription Invalid condition id : UX DEVICE CLASS RTOS Condition cause : null
2024-03-27 16:12:37,885 [WARN] PackLoader:240 - Cannot read IP mode file for STMicroelectronics.X-CUBE-AZRTOS-H7.3.1.0
2024-03-27 16:12:37,887 [WARN] ConditionMgr:1039 - genDependencies : Invalid condition id : UX DEVICE CLASS RTOS Condition cause : null
2024-03-27 16:12:37,887 [WARN] ConditionMgr:1039 - genDependencies : Invalid condition id : UX DEVICE CLASS RTOS Condition cause : null
2024-03-27 16:12:37,888 [WARN] ConditionMgr:1039 - genDependencies : Invalid condition id : UX DEVICE CLASS RTOS Condition cause : null
2024-03-27 16:12:37,888 [WARN] ConditionMgr:1039 - genDependencies : Invalid condition id : UX DEVICE CLASS RTOS Condition cause : null
2024-03-27 16:12:37,888 [WARN] ConditionMgr:1039 - genDependencies : Invalid condition id : UX DEVICE CLASS RTOS Condition cause : null
2024-03-27 16:12:37,896 [WARN] PackLoader:240 - Cannot read IP mode file for STMicroelectronics.X-CUBE-SFXS2LP1.3.1.0
2024-03-27 16:12:37,910 [WARN] PackLoader:240 - Cannot read IP mode file for STMicroelectronics.X-CUBE-AZRTOS-F4.1.0.0
2024-03-27 16:12:37,924 [WARN] PackLoader:240 - Cannot read IP mode file for wolfSSL.I-CUBE-wolfSSL.5.5.0
2024-03-27 16:12:37,929 [WARN] PackLoader:240 - Cannot read IP mode file for STMicroelectronics.X-CUBE-NFC7.1.0.1
2024-03-27 16:12:37,934 [WARN] PackLoader:240 - Cannot read IP mode file for STMicroelectronics.X-CUBE-NFC7.1.0.0
2024-03-27 16:12:37,938 [WARN] PackLoader:240 - Cannot read IP mode file for STMicroelectronics.X-CUBE-NFC6.3.0.0
2024-03-27 16:12:37,943 [WARN] PackLoader:240 - Cannot read IP mode file for STMicroelectronics.X-CUBE-EEPRMA1.4.1.0
2024-03-27 16:12:37,947 [WARN] PackLoader:240 - Cannot read IP mode file for STMicroelectronics.X-CUBE-AI.8.1.0
2024-03-27 16:12:37,955 [WARN] PackLoader:240 - Cannot read IP mode file for STMicroelectronics.X-CUBE-AZRTOS-G0.1.0.0
2024-03-27 16:12:37,972 [WARN] ConditionMgr:438 - getConditionDescription Invalid condition id : LAN8742 Phy interface Condition cause : null
2024-03-27 16:12:37,973 [WARN] PackLoader:240 - Cannot read IP mode file for STMicroelectronics.X-CUBE-AZRTOS-L4.2.0.0
2024-03-27 16:12:37,975 [WARN] ConditionMgr:1039 - genDependencies : Invalid condition id : LAN8742 Phy interface Condition cause : null
2024-03-27 16:12:37,975 [WARN] ConditionMgr:1039 - genDependencies : Invalid condition id : LAN8742 Phy interface Condition cause : null
2024-03-27 16:12:37,975 [WARN] ConditionMgr:1039 - genDependencies : Invalid condition id : LAN8742 Phy interface Condition cause : null
2024-03-27 16:12:37,981 [WARN] PackLoader:240 - Cannot read IP mode file for STMicroelectronics.X-CUBE-SFXS2LP1.4.0.0
2024-03-27 16:12:37,994 [WARN] PackLoader:240 - Cannot read IP mode file for STMicroelectronics.X-CUBE-AZRTOS-H7.3.0.0
2024-03-27 16:12:38,001 [WARN] PackLoader:240 - Cannot read IP mode file for STMicroelectronics.X-CUBE-ISPU.1.1.0
2024-03-27 16:12:38,007 [WARN] PackLoader:240 - Cannot read IP mode file for RoweBots.I-CUBE-UNISONRTOS.5.5.0-4
2024-03-27 16:12:38,010 [WARN] PackLoader:240 - Cannot read IP mode file for STMicroelectronics.X-CUBE-AI.8.0.0
2024-03-27 16:12:38,019 [WARN] ConditionMgr:438 - getConditionDescription Invalid condition id : UX DEVICE CLASS RTOS Condition cause : null
2024-03-27 16:12:38,019 [WARN] ConditionMgr:438 - getConditionDescription Invalid condition id : UX DEVICE CLASS RTOS Condition cause : null
2024-03-27 16:12:38,021 [WARN] PackLoader:240 - Cannot read IP mode file for STMicroelectronics.X-CUBE-AZRTOS-WB.2.0.0
2024-03-27 16:12:38,021 [WARN] ConditionMgr:1039 - genDependencies : Invalid condition id : UX DEVICE CLASS RTOS Condition cause : null
2024-03-27 16:12:38,021 [WARN] ConditionMgr:1039 - genDependencies : Invalid condition id : UX DEVICE CLASS RTOS Condition cause : null
2024-03-27 16:12:38,021 [WARN] ConditionMgr:1039 - genDependencies : Invalid condition id : UX DEVICE CLASS RTOS Condition cause : null
2024-03-27 16:12:38,021 [WARN] ConditionMgr:1039 - genDependencies : Invalid condition id : UX DEVICE CLASS RTOS Condition cause : null
2024-03-27 16:12:38,021 [WARN] ConditionMgr:1039 - genDependencies : Invalid condition id : UX DEVICE CLASS RTOS Condition cause : null
2024-03-27 16:12:38,026 [WARN] PackLoader:240 - Cannot read IP mode file for STMicroelectronics.X-CUBE-FREERTOS.1.0.0
2024-03-27 16:12:38,030 [WARN] PackLoader:240 - Cannot read IP mode file for STMicroelectronics.X-CUBE-FREERTOS.1.0.1
2024-03-27 16:12:38,035 [WARN] PackLoader:240 - Cannot read IP mode file for STMicroelectronics.X-CUBE-BLEMGR.1.0.0
2024-03-27 16:12:38,047 [WARN] PackLoader:240 - Cannot read IP mode file for STMicroelectronics.X-CUBE-AZRTOS-L5.1.1.0
2024-03-27 16:12:38,053 [WARN] PackLoader:240 - Cannot read IP mode file for STMicroelectronics.X-CUBE-AI.8.0.1
2024-03-27 16:12:38,062 [WARN] PackLoader:240 - Cannot read IP mode file for STMicroelectronics.X-CUBE-SUBG2.5.0.0
2024-03-27 16:12:38,072 [WARN] PackLoader:240 - Cannot read IP mode file for STMicroelectronics.X-CUBE-TOF1.3.3.1
2024-03-27 16:12:38,086 [WARN] PackLoader:240 - Cannot read IP mode file for STMicroelectronics.X-CUBE-AZRTOS-G4.2.0.0
2024-03-27 16:12:38,094 [WARN] PackLoader:240 - Cannot read IP mode file for STMicroelectronics.X-CUBE-TOF1.3.3.0
2024-03-27 16:12:38,103 [WARN] PackLoader:240 - Cannot read IP mode file for STMicroelectronics.FP-ATR-ASTRA1.1.1.1
2024-03-27 16:12:38,112 [WARN] PackLoader:240 - Cannot read IP mode file for Infineon.AIROC-Wi-Fi-Bluetooth-STM32.1.5.1
2024-03-27 16:12:38,118 [WARN] PackLoader:240 - Cannot read IP mode file for STMicroelectronics.FP-SNS-MOTENVWB1.1.3.0
2024-03-27 16:12:38,120 [WARN] PackLoader:240 - Cannot read IP mode file for STMicroelectronics.FP-SNS-MOTENVWB1.1.3.1
2024-03-27 16:12:38,128 [WARN] PackLoader:240 - Cannot read IP mode file for STMicroelectronics.X-CUBE-AZRTOS-G4.1.0.0
2024-03-27 16:12:38,139 [WARN] PackLoader:240 - Cannot read IP mode file for STMicroelectronics.X-CUBE-AZRTOS-L4.1.0.0
2024-03-27 16:12:38,143 [WARN] PackLoader:240 - Cannot read IP mode file for STMicroelectronics.X-CUBE-ISPU.2.0.0
2024-03-27 16:12:38,162 [WARN] PackLoader:240 - Cannot read IP mode file for STMicroelectronics.X-CUBE-MEMS1.10.0.0
2024-03-27 16:12:38,220 [WARN] PackLoader:240 - Cannot read IP mode file for STMicroelectronics.X-CUBE-FREERTOS.1.1.0
2024-03-27 16:12:38,227 [WARN] PackLoader:240 - Cannot read IP mode file for STMicroelectronics.X-CUBE-AZRTOS-F7.1.0.0
2024-03-27 16:12:38,233 [WARN] PackLoader:240 - Cannot read IP mode file for STMicroelectronics.X-CUBE-AZRTOS-WL.1.0.0
2024-03-27 16:12:38,237 [WARN] PackLoader:240 - Cannot read IP mode file for STMicroelectronics.X-CUBE-ALS.1.0.1
2024-03-27 16:12:38,243 [WARN] PackLoader:240 - Cannot read IP mode file for STMicroelectronics.X-CUBE-AZRTOS-WB.1.1.0
2024-03-27 16:12:38,250 [WARN] PackLoader:240 - Cannot read IP mode file for STMicroelectronics.X-CUBE-AZRTOS-L5.1.0.0
2024-03-27 16:12:38,254 [WARN] PackLoader:240 - Cannot read IP mode file for STMicroelectronics.X-CUBE-EEPRMA1.3.1.1
2024-03-27 16:12:38,257 [WARN] PackLoader:240 - Cannot read IP mode file for STMicroelectronics.X-CUBE-GNSS1.5.2.0
2024-03-27 16:12:38,260 [WARN] PackLoader:240 - Cannot read IP mode file for STMicroelectronics.FP-ATR-ASTRA1.2.0.0
2024-03-27 16:12:38,264 [WARN] PackLoader:240 - Cannot read IP mode file for STMicroelectronics.X-CUBE-TOF1.3.4.0
2024-03-27 16:12:38,273 [WARN] PackLoader:240 - Cannot read IP mode file for STMicroelectronics.X-CUBE-TOF1.3.4.1
2024-03-27 16:12:38,286 [WARN] PackLoader:240 - Cannot read IP mode file for STMicroelectronics.X-CUBE-AZRTOS-H7.3.2.0
2024-03-27 16:12:38,288 [INFO] ThirdParty:978 - Integrity check success = true
2024-03-27 16:12:38,288 [INFO] IntegrityCheckThread:100 - exiting critical section [integrity check]
2024-03-27 16:12:38,288 [INFO] IntegrityCheckThread:103 - End integrity checks thread
2024-03-27 16:12:56,432 [ERROR] LogOutputStream:75 - [STDERR_REDIRECT] SLF4J: Failed to load class "org.slf4j.impl.StaticLoggerBinder".
2024-03-27 16:12:56,433 [ERROR] LogOutputStream:75 - [STDERR_REDIRECT] SLF4J: Defaulting to no-operation (NOP) logger implementation
2024-03-27 16:12:56,434 [ERROR] LogOutputStream:75 - [STDERR_REDIRECT] SLF4J: See http://www.slf4j.org/codes.html#StaticLoggerBinder for further details.
2024-03-27 17:47:07,077 [ERROR] LogOutputStream:75 - [STDERR_REDIRECT] 
